c:\users\forev\onedrive\desktop\tpv1rehecho\practica3-tpv1\holasdl\debug\vc142.pdb
c:\users\forev\onedrive\desktop\tpv1rehecho\practica3-tpv1\holasdl\debug\vc142.idb
c:\users\forev\onedrive\desktop\tpv1rehecho\practica3-tpv1\holasdl\debug\pausestate.obj
c:\users\forev\onedrive\desktop\tpv1rehecho\practica3-tpv1\holasdl\debug\menubutton.obj
c:\users\forev\onedrive\desktop\tpv1rehecho\practica3-tpv1\holasdl\debug\mainmenustate.obj
c:\users\forev\onedrive\desktop\tpv1rehecho\practica3-tpv1\holasdl\debug\main.obj
c:\users\forev\onedrive\desktop\tpv1rehecho\practica3-tpv1\holasdl\debug\givemearrows.obj
c:\users\forev\onedrive\desktop\tpv1rehecho\practica3-tpv1\holasdl\debug\gamestatemachine.obj
c:\users\forev\onedrive\desktop\tpv1rehecho\practica3-tpv1\holasdl\debug\gamestate.obj
c:\users\forev\onedrive\desktop\tpv1rehecho\practica3-tpv1\holasdl\debug\gameobject.obj
c:\users\forev\onedrive\desktop\tpv1rehecho\practica3-tpv1\holasdl\debug\sdlapplication.obj
c:\users\forev\onedrive\desktop\tpv1rehecho\practica3-tpv1\holasdl\debug\filenotfounderror.obj
c:\users\forev\onedrive\desktop\tpv1rehecho\practica3-tpv1\holasdl\debug\fileformaterror.obj
c:\users\forev\onedrive\desktop\tpv1rehecho\practica3-tpv1\holasdl\debug\eventhandler.obj
c:\users\forev\onedrive\desktop\tpv1rehecho\practica3-tpv1\holasdl\debug\endstate.obj
c:\users\forev\onedrive\desktop\tpv1rehecho\practica3-tpv1\holasdl\debug\butterfly.obj
c:\users\forev\onedrive\desktop\tpv1rehecho\practica3-tpv1\holasdl\debug\bow.obj
c:\users\forev\onedrive\desktop\tpv1rehecho\practica3-tpv1\holasdl\debug\bigarrows.obj
c:\users\forev\onedrive\desktop\tpv1rehecho\practica3-tpv1\holasdl\debug\balloon.obj
c:\users\forev\onedrive\desktop\tpv1rehecho\practica3-tpv1\holasdl\debug\arrowsgameobject.obj
c:\users\forev\onedrive\desktop\tpv1rehecho\practica3-tpv1\holasdl\debug\arrowserror.obj
c:\users\forev\onedrive\desktop\tpv1rehecho\practica3-tpv1\holasdl\debug\arrow.obj
c:\users\forev\onedrive\desktop\tpv1rehecho\practica3-tpv1\holasdl\debug\vector2d.obj
c:\users\forev\onedrive\desktop\tpv1rehecho\practica3-tpv1\holasdl\debug\texture.obj
c:\users\forev\onedrive\desktop\tpv1rehecho\practica3-tpv1\holasdl\debug\sdlgameobject.obj
c:\users\forev\onedrive\desktop\tpv1rehecho\practica3-tpv1\holasdl\debug\sdlerror.obj
c:\users\forev\onedrive\desktop\tpv1rehecho\practica3-tpv1\holasdl\debug\scoreboard.obj
c:\users\forev\onedrive\desktop\tpv1rehecho\practica3-tpv1\holasdl\debug\reward.obj
c:\users\forev\onedrive\desktop\tpv1rehecho\practica3-tpv1\holasdl\debug\playstate.obj
c:\users\forev\onedrive\desktop\tpv1rehecho\practica3-tpv1\bin\holasdldebug.exe
c:\users\forev\onedrive\desktop\tpv1rehecho\practica3-tpv1\bin\holasdldebug.ilk
c:\users\forev\onedrive\desktop\tpv1rehecho\practica3-tpv1\bin\holasdldebug.pdb
c:\users\forev\onedrive\desktop\tpv1rehecho\practica3-tpv1\holasdl\debug\game.obj
c:\users\forev\onedrive\desktop\tpv1rehecho\practica3-tpv1\holasdl\debug\holasdl.tlog\cl.command.1.tlog
c:\users\forev\onedrive\desktop\tpv1rehecho\practica3-tpv1\holasdl\debug\holasdl.tlog\cl.read.1.tlog
c:\users\forev\onedrive\desktop\tpv1rehecho\practica3-tpv1\holasdl\debug\holasdl.tlog\cl.write.1.tlog
c:\users\forev\onedrive\desktop\tpv1rehecho\practica3-tpv1\holasdl\debug\holasdl.tlog\link.command.1.tlog
c:\users\forev\onedrive\desktop\tpv1rehecho\practica3-tpv1\holasdl\debug\holasdl.tlog\link.read.1.tlog
c:\users\forev\onedrive\desktop\tpv1rehecho\practica3-tpv1\holasdl\debug\holasdl.tlog\link.write.1.tlog
